<?xml version="1.0" encoding="UTF-8"?>
<!-- Generated by org.testng.reporters.JUnitXMLReporter -->
<testsuite hostname="Amruthas-MacBook-Air.local" ignored="1" name="Default test" tests="9" failures="0" timestamp="18 Nov 2019 22:22:42 GMT" time="87.623" errors="0">
  <testcase name="IncorrectUserName" time="5.705" classname="com.datadrivenXlsx.DataDrivenTest"/>
  <testcase name="IncorrectUserName" time="4.802" classname="com.datadrivenXlsx.DataDrivenTest"/>
  <testcase name="IncorrectUserName" time="4.345" classname="com.datadrivenXlsx.DataDrivenTest"/>
  <testcase name="IncorrectUserName" time="4.115" classname="com.datadrivenXlsx.DataDrivenTest"/>
  <testcase name="IncorrectUserName" time="4.532" classname="com.datadrivenXlsx.DataDrivenTest"/>
  <testcase name="IncorrectUserName" time="4.442" classname="com.datadrivenXlsx.DataDrivenTest"/>
  <testcase name="IncorrectUserName" time="4.49" classname="com.datadrivenXlsx.DataDrivenTest"/>
  <testcase name="IncorrectUserName" time="4.176" classname="com.datadrivenXlsx.DataDrivenTest"/>
  <testcase name="IncorrectUserName" time="5.243" classname="com.datadrivenXlsx.DataDrivenTest"/>
  <testcase name="validateemail" time="0.0" classname="com.datadrivenXlsx.DataDrivenTest">
    <ignored/>
  </testcase> <!-- validateemail -->
</testsuite> <!-- Default test -->
