<?xml version="1.0" encoding="UTF-8"?>
<testng-results skipped="0" failed="0" ignored="1" total="10" passed="9">
  <reporter-output>
  </reporter-output>
  <suite name="Default suite" duration-ms="87623" started-at="2019-11-18T22:21:14Z" finished-at="2019-11-18T22:22:42Z">
    <groups>
    </groups>
    <test name="Default test" duration-ms="87623" started-at="2019-11-18T22:21:14Z" finished-at="2019-11-18T22:22:42Z">
      <class name="com.datadrivenXlsx.DataDrivenTest">
        <test-method status="PASS" signature="setup()[pri:0, instance:com.datadrivenXlsx.DataDrivenTest@77caeb3e]" name="setup" is-config="true" duration-ms="7975" started-at="2019-11-18T14:21:15Z" finished-at="2019-11-18T14:21:23Z">
          <reporter-output>
          </reporter-output>
        </test-method> <!-- setup -->
        <test-method status="PASS" signature="IncorrectUserName(java.lang.String, java.lang.String)[pri:0, instance:com.datadrivenXlsx.DataDrivenTest@77caeb3e]" name="IncorrectUserName" duration-ms="5705" started-at="2019-11-18T14:21:23Z" data-provider="InValidData" finished-at="2019-11-18T14:21:29Z">
          <params>
            <param index="0">
              <value>
                <![CDATA[chit@gmail.com ]]>
              </value>
            </param>
            <param index="1">
              <value>
                <![CDATA[chitra121]]>
              </value>
            </param>
          </params>
          <reporter-output>
          </reporter-output>
        </test-method> <!-- IncorrectUserName -->
        <test-method status="PASS" signature="teardown()[pri:0, instance:com.datadrivenXlsx.DataDrivenTest@77caeb3e]" name="teardown" is-config="true" duration-ms="286" started-at="2019-11-18T14:21:29Z" finished-at="2019-11-18T14:21:29Z">
          <reporter-output>
          </reporter-output>
        </test-method> <!-- teardown -->
        <test-method status="PASS" signature="setup()[pri:0, instance:com.datadrivenXlsx.DataDrivenTest@77caeb3e]" name="setup" is-config="true" duration-ms="5762" started-at="2019-11-18T14:21:29Z" finished-at="2019-11-18T14:21:35Z">
          <reporter-output>
          </reporter-output>
        </test-method> <!-- setup -->
        <test-method status="PASS" signature="IncorrectUserName(java.lang.String, java.lang.String)[pri:0, instance:com.datadrivenXlsx.DataDrivenTest@77caeb3e]" name="IncorrectUserName" duration-ms="4802" started-at="2019-11-18T14:21:35Z" data-provider="InValidData" finished-at="2019-11-18T14:21:40Z">
          <params>
            <param index="0">
              <value>
                <![CDATA[ ]]>
              </value>
            </param>
            <param index="1">
              <value>
                <![CDATA[chitra121]]>
              </value>
            </param>
          </params>
          <reporter-output>
          </reporter-output>
        </test-method> <!-- IncorrectUserName -->
        <test-method status="PASS" signature="teardown()[pri:0, instance:com.datadrivenXlsx.DataDrivenTest@77caeb3e]" name="teardown" is-config="true" duration-ms="276" started-at="2019-11-18T14:21:40Z" finished-at="2019-11-18T14:21:40Z">
          <reporter-output>
          </reporter-output>
        </test-method> <!-- teardown -->
        <test-method status="PASS" signature="setup()[pri:0, instance:com.datadrivenXlsx.DataDrivenTest@77caeb3e]" name="setup" is-config="true" duration-ms="5303" started-at="2019-11-18T14:21:40Z" finished-at="2019-11-18T14:21:45Z">
          <reporter-output>
          </reporter-output>
        </test-method> <!-- setup -->
        <test-method status="PASS" signature="IncorrectUserName(java.lang.String, java.lang.String)[pri:0, instance:com.datadrivenXlsx.DataDrivenTest@77caeb3e]" name="IncorrectUserName" duration-ms="4345" started-at="2019-11-18T14:21:45Z" data-provider="InValidData" finished-at="2019-11-18T14:21:50Z">
          <params>
            <param index="0">
              <value>
                <![CDATA[ASDFDFDVFV]]>
              </value>
            </param>
            <param index="1">
              <value>
                <![CDATA[chitra121]]>
              </value>
            </param>
          </params>
          <reporter-output>
          </reporter-output>
        </test-method> <!-- IncorrectUserName -->
        <test-method status="PASS" signature="teardown()[pri:0, instance:com.datadrivenXlsx.DataDrivenTest@77caeb3e]" name="teardown" is-config="true" duration-ms="159" started-at="2019-11-18T14:21:50Z" finished-at="2019-11-18T14:21:50Z">
          <reporter-output>
          </reporter-output>
        </test-method> <!-- teardown -->
        <test-method status="PASS" signature="setup()[pri:0, instance:com.datadrivenXlsx.DataDrivenTest@77caeb3e]" name="setup" is-config="true" duration-ms="3715" started-at="2019-11-18T14:21:50Z" finished-at="2019-11-18T14:21:54Z">
          <reporter-output>
          </reporter-output>
        </test-method> <!-- setup -->
        <test-method status="PASS" signature="IncorrectUserName(java.lang.String, java.lang.String)[pri:0, instance:com.datadrivenXlsx.DataDrivenTest@77caeb3e]" name="IncorrectUserName" duration-ms="4115" started-at="2019-11-18T14:21:54Z" data-provider="InValidData" finished-at="2019-11-18T14:21:58Z">
          <params>
            <param index="0">
              <value>
                <![CDATA[s12345453637]]>
              </value>
            </param>
            <param index="1">
              <value>
                <![CDATA[chitra121]]>
              </value>
            </param>
          </params>
          <reporter-output>
          </reporter-output>
        </test-method> <!-- IncorrectUserName -->
        <test-method status="PASS" signature="teardown()[pri:0, instance:com.datadrivenXlsx.DataDrivenTest@77caeb3e]" name="teardown" is-config="true" duration-ms="172" started-at="2019-11-18T14:21:58Z" finished-at="2019-11-18T14:21:58Z">
          <reporter-output>
          </reporter-output>
        </test-method> <!-- teardown -->
        <test-method status="PASS" signature="setup()[pri:0, instance:com.datadrivenXlsx.DataDrivenTest@77caeb3e]" name="setup" is-config="true" duration-ms="2831" started-at="2019-11-18T14:21:58Z" finished-at="2019-11-18T14:22:01Z">
          <reporter-output>
          </reporter-output>
        </test-method> <!-- setup -->
        <test-method status="PASS" signature="IncorrectUserName(java.lang.String, java.lang.String)[pri:0, instance:com.datadrivenXlsx.DataDrivenTest@77caeb3e]" name="IncorrectUserName" duration-ms="4532" started-at="2019-11-18T14:22:01Z" data-provider="InValidData" finished-at="2019-11-18T14:22:05Z">
          <params>
            <param index="0">
              <value>
                <![CDATA[chitraaaaaaa@gmail.com]]>
              </value>
            </param>
            <param index="1">
              <value>
                <![CDATA[  ]]>
              </value>
            </param>
          </params>
          <reporter-output>
          </reporter-output>
        </test-method> <!-- IncorrectUserName -->
        <test-method status="PASS" signature="teardown()[pri:0, instance:com.datadrivenXlsx.DataDrivenTest@77caeb3e]" name="teardown" is-config="true" duration-ms="174" started-at="2019-11-18T14:22:05Z" finished-at="2019-11-18T14:22:06Z">
          <reporter-output>
          </reporter-output>
        </test-method> <!-- teardown -->
        <test-method status="PASS" signature="setup()[pri:0, instance:com.datadrivenXlsx.DataDrivenTest@77caeb3e]" name="setup" is-config="true" duration-ms="2628" started-at="2019-11-18T14:22:06Z" finished-at="2019-11-18T14:22:08Z">
          <reporter-output>
          </reporter-output>
        </test-method> <!-- setup -->
        <test-method status="PASS" signature="IncorrectUserName(java.lang.String, java.lang.String)[pri:0, instance:com.datadrivenXlsx.DataDrivenTest@77caeb3e]" name="IncorrectUserName" duration-ms="4442" started-at="2019-11-18T14:22:08Z" data-provider="InValidData" finished-at="2019-11-18T14:22:13Z">
          <params>
            <param index="0">
              <value>
                <![CDATA[chitraaaaaaa@gmail.com]]>
              </value>
            </param>
            <param index="1">
              <value>
                <![CDATA[ass12134355]]>
              </value>
            </param>
          </params>
          <reporter-output>
          </reporter-output>
        </test-method> <!-- IncorrectUserName -->
        <test-method status="PASS" signature="teardown()[pri:0, instance:com.datadrivenXlsx.DataDrivenTest@77caeb3e]" name="teardown" is-config="true" duration-ms="202" started-at="2019-11-18T14:22:13Z" finished-at="2019-11-18T14:22:13Z">
          <reporter-output>
          </reporter-output>
        </test-method> <!-- teardown -->
        <test-method status="PASS" signature="setup()[pri:0, instance:com.datadrivenXlsx.DataDrivenTest@77caeb3e]" name="setup" is-config="true" duration-ms="3159" started-at="2019-11-18T14:22:13Z" finished-at="2019-11-18T14:22:16Z">
          <reporter-output>
          </reporter-output>
        </test-method> <!-- setup -->
        <test-method status="PASS" signature="IncorrectUserName(java.lang.String, java.lang.String)[pri:0, instance:com.datadrivenXlsx.DataDrivenTest@77caeb3e]" name="IncorrectUserName" duration-ms="4490" started-at="2019-11-18T14:22:16Z" data-provider="InValidData" finished-at="2019-11-18T14:22:20Z">
          <params>
            <param index="0">
              <value>
                <![CDATA[chitraaaaaaa@gmail.com]]>
              </value>
            </param>
            <param index="1">
              <value>
                <![CDATA[asd!!#$%%%^&*]]>
              </value>
            </param>
          </params>
          <reporter-output>
          </reporter-output>
        </test-method> <!-- IncorrectUserName -->
        <test-method status="PASS" signature="teardown()[pri:0, instance:com.datadrivenXlsx.DataDrivenTest@77caeb3e]" name="teardown" is-config="true" duration-ms="159" started-at="2019-11-18T14:22:20Z" finished-at="2019-11-18T14:22:21Z">
          <reporter-output>
          </reporter-output>
        </test-method> <!-- teardown -->
        <test-method status="PASS" signature="setup()[pri:0, instance:com.datadrivenXlsx.DataDrivenTest@77caeb3e]" name="setup" is-config="true" duration-ms="3031" started-at="2019-11-18T14:22:21Z" finished-at="2019-11-18T14:22:24Z">
          <reporter-output>
          </reporter-output>
        </test-method> <!-- setup -->
        <test-method status="PASS" signature="IncorrectUserName(java.lang.String, java.lang.String)[pri:0, instance:com.datadrivenXlsx.DataDrivenTest@77caeb3e]" name="IncorrectUserName" duration-ms="4176" started-at="2019-11-18T14:22:24Z" data-provider="InValidData" finished-at="2019-11-18T14:22:28Z">
          <params>
            <param index="0">
              <value>
                <![CDATA[chitraaaaaaa@gmail.com]]>
              </value>
            </param>
            <param index="1">
              <value>
                <![CDATA[ASFDGFSH]]>
              </value>
            </param>
          </params>
          <reporter-output>
          </reporter-output>
        </test-method> <!-- IncorrectUserName -->
        <test-method status="PASS" signature="teardown()[pri:0, instance:com.datadrivenXlsx.DataDrivenTest@77caeb3e]" name="teardown" is-config="true" duration-ms="159" started-at="2019-11-18T14:22:28Z" finished-at="2019-11-18T14:22:28Z">
          <reporter-output>
          </reporter-output>
        </test-method> <!-- teardown -->
        <test-method status="PASS" signature="setup()[pri:0, instance:com.datadrivenXlsx.DataDrivenTest@77caeb3e]" name="setup" is-config="true" duration-ms="4333" started-at="2019-11-18T14:22:28Z" finished-at="2019-11-18T14:22:32Z">
          <reporter-output>
          </reporter-output>
        </test-method> <!-- setup -->
        <test-method status="PASS" signature="IncorrectUserName(java.lang.String, java.lang.String)[pri:0, instance:com.datadrivenXlsx.DataDrivenTest@77caeb3e]" name="IncorrectUserName" duration-ms="5243" started-at="2019-11-18T14:22:32Z" data-provider="InValidData" finished-at="2019-11-18T14:22:38Z">
          <params>
            <param index="0">
              <value>
                <![CDATA[chitraaaaaaa@gmail.com]]>
              </value>
            </param>
            <param index="1">
              <value>
                <![CDATA[asad**********]]>
              </value>
            </param>
          </params>
          <reporter-output>
          </reporter-output>
        </test-method> <!-- IncorrectUserName -->
        <test-method status="PASS" signature="teardown()[pri:0, instance:com.datadrivenXlsx.DataDrivenTest@77caeb3e]" name="teardown" is-config="true" duration-ms="3955" started-at="2019-11-18T14:22:38Z" finished-at="2019-11-18T14:22:42Z">
          <reporter-output>
          </reporter-output>
        </test-method> <!-- teardown -->
      </class> <!-- com.datadrivenXlsx.DataDrivenTest -->
    </test> <!-- Default test -->
  </suite> <!-- Default suite -->
</testng-results>
