<?xml version="1.0" encoding="UTF-8"?>
<testng-results skipped="0" failed="0" total="1" passed="1">
  <reporter-output>
  </reporter-output>
  <suite name="Default suite" duration-ms="7389" started-at="2019-11-20T23:18:28Z" finished-at="2019-11-20T23:18:36Z">
    <groups>
    </groups>
    <test name="Default test" duration-ms="7389" started-at="2019-11-20T23:18:28Z" finished-at="2019-11-20T23:18:36Z">
      <class name="com.apex.ecommerce.order.test.OrderTest">
        <test-method status="PASS" signature="setup()[pri:0, instance:com.apex.ecommerce.order.test.OrderTest@685cb137]" name="setup" is-config="true" duration-ms="4436" started-at="2019-11-20T15:18:28Z" finished-at="2019-11-20T15:18:33Z">
          <reporter-output>
          </reporter-output>
        </test-method> <!-- setup -->
        <test-method status="PASS" signature="placeOrderSuccess()[pri:0, instance:com.apex.ecommerce.order.test.OrderTest@685cb137]" name="placeOrderSuccess" duration-ms="2780" started-at="2019-11-20T15:18:33Z" finished-at="2019-11-20T15:18:36Z">
          <reporter-output>
          </reporter-output>
        </test-method> <!-- placeOrderSuccess -->
        <test-method status="PASS" signature="teardown()[pri:0, instance:com.apex.ecommerce.order.test.OrderTest@685cb137]" name="teardown" is-config="true" duration-ms="150" started-at="2019-11-20T15:18:36Z" finished-at="2019-11-20T15:18:36Z">
          <reporter-output>
          </reporter-output>
        </test-method> <!-- teardown -->
      </class> <!-- com.apex.ecommerce.order.test.OrderTest -->
    </test> <!-- Default test -->
  </suite> <!-- Default suite -->
</testng-results>
